<?xml version="1.0" encoding="UTF-8"?>
<testsuite xmlns:xsi="http://www.w3.org/2001/XMLSchema-instance" xsi:noNamespaceSchemaLocation="https://maven.apache.org/surefire/maven-surefire-plugin/xsd/surefire-test-report-3.0.xsd" version="3.0" name="InsertionSortTest" time="0.058" tests="13" errors="0" skipped="1" failures="0">
  <properties>
[...]
</properties>
  <testcase name="testNormalSort" classname="InsertionSortTest" time="0.024"/>
  <testcase name="testIsSortedFalse" classname="InsertionSortTest" time="0.001"/>
  <testcase name="testSortWithRange" classname="InsertionSortTest" time="0.0"/>
  <testcase name="testFindMinIsCorrect" classname="InsertionSortTest" time="0.001"/>
  <testcase name="testSentinelSort" classname="InsertionSortTest" time="0.001"/>
  <testcase name="testIsSortedTrue" classname="InsertionSortTest" time="0.0"/>
  <testcase name="testSentinelSortSingleElement" classname="InsertionSortTest" time="0.0"/>
  <testcase name="testSortWithEmptyArray" classname="InsertionSortTest" time="0.001"/>
  <testcase name="testSwapWorksCorrectly" classname="InsertionSortTest" time="0.001"/>
  <testcase name="testSentinelSortNull" classname="InsertionSortTest" time="0.001"/>
  <testcase name="testLessAndGreater" classname="InsertionSortTest" time="0.001"/>
  <testcase name="testSortWithSingleElement" classname="InsertionSortTest" time="0.001"/>
  <testcase name="testSortWithNullArray" classname="InsertionSortTest" time="0.0">
    <skipped message="Ignorado por enquanto porque causa erro no sort com null"/>
  </testcase>
</testsuite>